TN:
SF:src/adapters/http/routes.ts
FNF:0
FNH:0
DA:1,0
DA:2,0
DA:3,0
DA:4,0
DA:5,0
DA:6,0
DA:7,0
DA:8,0
DA:11,0
DA:13,0
DA:14,0
DA:15,0
DA:21,0
DA:28,0
LF:14
LH:0
BRF:0
BRH:0
end_of_record
TN:
SF:src/adapters/http/validate.ts
FN:18,validate
FN:19,(anonymous_1)
FN:35,(anonymous_2)
FNF:3
FNH:0
FNDA:0,validate
FNDA:0,(anonymous_1)
FNDA:0,(anonymous_2)
DA:1,0
DA:18,0
DA:19,0
DA:20,0
DA:21,0
DA:24,0
DA:25,0
DA:26,0
DA:27,0
DA:29,0
DA:31,0
DA:32,0
DA:33,0
DA:34,0
DA:35,0
DA:40,0
DA:42,0
LF:17
LH:0
BRDA:24,0,0,0
BRDA:24,0,1,0
BRDA:25,1,0,0
BRDA:25,1,1,0
BRDA:26,2,0,0
BRDA:26,2,1,0
BRDA:27,3,0,0
BRDA:27,3,1,0
BRDA:31,4,0,0
BRDA:31,4,1,0
BRF:10
BRH:0
end_of_record
TN:
SF:src/adapters/http/schemas/availability.schema.ts
FN:13,(anonymous_0)
FN:14,(anonymous_1)
FNF:2
FNH:0
FNDA:0,(anonymous_0)
FNDA:0,(anonymous_1)
DA:1,0
DA:3,0
DA:5,0
DA:13,0
DA:15,0
DA:16,0
DA:17,0
DA:18,0
LF:8
LH:0
BRDA:18,0,0,0
BRDA:18,0,1,0
BRF:2
BRH:0
end_of_record
TN:
SF:src/adapters/http/schemas/reservation.schema.ts
FN:12,(anonymous_0)
FNF:1
FNH:0
FNDA:0,(anonymous_0)
DA:1,0
DA:2,0
DA:4,0
DA:12,0
LF:4
LH:0
BRF:0
BRH:0
end_of_record
TN:
SF:src/application/use-cases/new-create-reservation.ts
FN:6,(anonymous_0)
FN:12,(anonymous_1)
FNF:2
FNH:2
FNDA:13,(anonymous_0)
FNDA:17,(anonymous_1)
DA:3,1
DA:5,1
DA:7,13
DA:8,13
DA:9,13
DA:22,17
DA:23,17
DA:24,3
DA:25,3
DA:26,3
DA:28,14
DA:29,1
DA:30,1
DA:31,1
DA:33,13
DA:34,1
DA:35,1
DA:36,1
DA:39,12
DA:43,12
DA:44,1
DA:45,1
DA:46,1
DA:50,11
DA:51,11
DA:54,10
DA:55,10
DA:56,1
DA:57,1
DA:58,1
DA:62,9
DA:63,9
DA:72,9
DA:82,9
LF:34
LH:34
BRDA:23,0,0,3
BRDA:23,0,1,14
BRDA:28,1,0,1
BRDA:28,1,1,13
BRDA:33,2,0,1
BRDA:33,2,1,12
BRDA:43,3,0,1
BRDA:43,3,1,11
BRDA:51,4,0,1
BRDA:51,4,1,10
BRDA:55,5,0,1
BRDA:55,5,1,9
BRF:12
BRH:12
end_of_record
TN:
SF:src/domain/services/pricing-engine.ts
FN:43,(anonymous_0)
FN:96,(anonymous_1)
FN:102,(anonymous_2)
FN:108,(anonymous_3)
FN:115,(anonymous_4)
FN:120,(anonymous_5)
FN:127,(anonymous_6)
FNF:7
FNH:7
FNDA:29,(anonymous_0)
FNDA:85,(anonymous_1)
FNDA:104,(anonymous_2)
FNDA:29,(anonymous_3)
FNDA:104,(anonymous_4)
FNDA:27,(anonymous_5)
FNDA:104,(anonymous_6)
DA:36,2
DA:37,2
DA:44,29
DA:46,29
DA:47,29
DA:48,2
DA:51,27
DA:53,27
DA:54,27
DA:56,27
DA:57,27
DA:60,27
DA:61,27
DA:62,104
DA:63,104
DA:67,104
DA:72,104
DA:74,104
DA:83,104
DA:86,27
DA:97,85
DA:98,85
DA:99,85
DA:103,104
DA:104,104
DA:105,104
DA:109,29
DA:110,29
DA:111,29
DA:116,104
DA:117,104
DA:121,27
DA:122,25
DA:123,22
DA:124,21
DA:128,104
DA:129,104
DA:130,104
DA:131,104
LF:39
LH:39
BRDA:44,0,0,0
BRDA:47,1,0,2
BRDA:47,1,1,27
BRDA:54,2,0,7
BRDA:54,2,1,20
BRDA:63,3,0,29
BRDA:63,3,1,75
BRDA:117,4,0,104
BRDA:117,4,1,91
BRDA:121,5,0,2
BRDA:121,5,1,25
BRDA:122,6,0,3
BRDA:122,6,1,22
BRDA:123,7,0,1
BRDA:123,7,1,21
BRF:15
BRH:14
end_of_record
TN:
SF:src/infrastructure/config/env.ts
FN:24,(anonymous_0)
FN:28,(anonymous_1)
FNF:2
FNH:0
FNDA:0,(anonymous_0)
FNDA:0,(anonymous_1)
DA:1,0
DA:2,0
DA:8,0
DA:24,0
DA:25,0
DA:26,0
DA:28,0
DA:30,0
DA:31,0
DA:33,0
LF:10
LH:0
BRDA:26,0,0,0
BRDA:26,0,1,0
BRF:2
BRH:0
end_of_record
TN:
SF:src/infrastructure/errors/error-middleware.ts
FN:3,errorMiddleware
FNF:1
FNH:0
FNDA:0,errorMiddleware
DA:3,0
DA:4,0
DA:5,0
DA:6,0
DA:7,0
DA:9,0
LF:6
LH:0
BRDA:4,0,0,0
BRDA:4,0,1,0
BRDA:5,1,0,0
BRDA:5,1,1,0
BRDA:6,2,0,0
BRDA:6,2,1,0
BRF:6
BRH:0
end_of_record
TN:
SF:src/infrastructure/logger/index.ts
FNF:0
FNH:0
DA:1,3
DA:3,3
LF:2
LH:2
BRDA:4,0,0,3
BRDA:4,0,1,3
BRDA:6,1,0,3
BRDA:6,1,1,0
BRF:4
BRH:3
end_of_record
TN:
SF:src/infrastructure/repositories/new-in-memory-reservation.repository.ts
FN:12,(anonymous_0)
FN:37,(anonymous_1)
FN:41,(anonymous_2)
FN:46,(anonymous_3)
FNF:4
FNH:3
FNDA:9,(anonymous_0)
FNDA:0,(anonymous_1)
FNDA:11,(anonymous_2)
FNDA:10,(anonymous_3)
DA:1,1
DA:8,1
DA:9,1
DA:11,1
DA:14,9
DA:15,9
DA:16,9
DA:19,9
DA:20,9
DA:32,9
DA:33,9
DA:34,9
DA:38,0
DA:42,11
DA:43,11
DA:47,10
DA:48,42
DA:50,7
DA:52,9
LF:19
LH:18
BRDA:14,0,0,9
BRDA:14,0,1,0
BRDA:16,1,0,0
BRDA:16,1,1,9
BRDA:33,2,0,9
BRDA:33,2,1,0
BRDA:38,3,0,0
BRDA:38,3,1,0
BRDA:43,4,0,1
BRDA:43,4,1,10
BRDA:43,5,0,1
BRDA:43,5,1,0
BRDA:48,6,0,35
BRDA:48,6,1,7
BRDA:50,7,0,1
BRDA:50,7,1,6
BRDA:50,8,0,7
BRDA:50,8,1,7
BRF:18
BRH:12
end_of_record
TN:
SF:src/infrastructure/repositories/new-in-memory-room.repository.ts
FN:12,(anonymous_0)
FN:14,(anonymous_1)
FN:17,(anonymous_2)
FN:26,(anonymous_3)
FN:27,(anonymous_4)
FNF:5
FNH:2
FNDA:0,(anonymous_0)
FNDA:0,(anonymous_1)
FNDA:0,(anonymous_2)
FNDA:17,(anonymous_3)
FNDA:45,(anonymous_4)
DA:3,1
DA:11,1
DA:13,0
DA:14,0
DA:16,0
DA:17,0
DA:18,0
DA:21,0
DA:22,0
DA:23,0
DA:27,45
LF:11
LH:3
BRDA:13,0,0,0
BRDA:14,1,0,0
BRDA:14,1,1,0
BRDA:14,1,2,0
BRDA:16,2,0,0
BRDA:16,2,1,0
BRDA:18,3,0,0
BRDA:18,3,1,0
BRDA:22,4,0,0
BRDA:22,4,1,0
BRDA:27,5,0,17
BRDA:27,5,1,3
BRF:12
BRH:2
end_of_record
