TN:
SF:src/adapters/http/routes.ts
FNF:0
FNH:0
DA:1,0
DA:2,0
DA:3,0
DA:4,0
DA:5,0
DA:6,0
DA:7,0
DA:8,0
DA:11,0
DA:13,0
DA:14,0
DA:15,0
DA:21,0
DA:28,0
LF:14
LH:0
BRF:0
BRH:0
end_of_record
TN:
SF:src/adapters/http/validate.ts
FN:18,validate
FN:19,(anonymous_1)
FN:35,(anonymous_2)
FNF:3
FNH:0
FNDA:0,validate
FNDA:0,(anonymous_1)
FNDA:0,(anonymous_2)
DA:1,0
DA:18,0
DA:19,0
DA:20,0
DA:21,0
DA:24,0
DA:25,0
DA:26,0
DA:27,0
DA:29,0
DA:31,0
DA:32,0
DA:33,0
DA:34,0
DA:35,0
DA:40,0
DA:42,0
LF:17
LH:0
BRDA:24,0,0,0
BRDA:24,0,1,0
BRDA:25,1,0,0
BRDA:25,1,1,0
BRDA:26,2,0,0
BRDA:26,2,1,0
BRDA:27,3,0,0
BRDA:27,3,1,0
BRDA:31,4,0,0
BRDA:31,4,1,0
BRF:10
BRH:0
end_of_record
TN:
SF:src/adapters/http/schemas/availability.schema.ts
FN:13,(anonymous_0)
FN:14,(anonymous_1)
FNF:2
FNH:0
FNDA:0,(anonymous_0)
FNDA:0,(anonymous_1)
DA:1,0
DA:3,0
DA:5,0
DA:13,0
DA:15,0
DA:16,0
DA:17,0
DA:18,0
LF:8
LH:0
BRDA:18,0,0,0
BRDA:18,0,1,0
BRF:2
BRH:0
end_of_record
TN:
SF:src/adapters/http/schemas/reservation.schema.ts
FN:12,(anonymous_0)
FNF:1
FNH:0
FNDA:0,(anonymous_0)
DA:1,0
DA:2,0
DA:4,0
DA:12,0
LF:4
LH:0
BRF:0
BRH:0
end_of_record
TN:
SF:src/application/use-cases/new-create-reservation.ts
FN:6,(anonymous_0)
FN:12,(anonymous_1)
FNF:2
FNH:2
FNDA:13,(anonymous_0)
FNDA:17,(anonymous_1)
DA:3,1
DA:5,1
DA:7,13
DA:8,13
DA:9,13
DA:22,17
DA:23,17
DA:24,1
DA:25,1
DA:26,1
DA:28,16
DA:29,1
DA:30,1
DA:31,1
DA:33,15
DA:34,1
DA:35,1
DA:36,1
DA:39,14
DA:43,14
DA:44,1
DA:45,1
DA:46,1
DA:50,13
DA:51,13
DA:54,12
DA:55,12
DA:56,1
DA:57,1
DA:58,1
DA:62,11
DA:63,11
DA:72,11
DA:82,11
LF:34
LH:34
BRDA:23,0,0,1
BRDA:23,0,1,16
BRDA:28,1,0,1
BRDA:28,1,1,15
BRDA:33,2,0,1
BRDA:33,2,1,14
BRDA:43,3,0,1
BRDA:43,3,1,13
BRDA:51,4,0,1
BRDA:51,4,1,12
BRDA:55,5,0,1
BRDA:55,5,1,11
BRF:12
BRH:12
end_of_record
TN:
SF:src/domain/services/pricing-engine.ts
FN:43,(anonymous_0)
FN:96,(anonymous_1)
FN:102,(anonymous_2)
FN:108,(anonymous_3)
FN:115,(anonymous_4)
FN:120,(anonymous_5)
FN:127,(anonymous_6)
FNF:7
FNH:7
FNDA:31,(anonymous_0)
FNDA:91,(anonymous_1)
FNDA:115,(anonymous_2)
FNDA:31,(anonymous_3)
FNDA:115,(anonymous_4)
FNDA:29,(anonymous_5)
FNDA:115,(anonymous_6)
DA:36,2
DA:37,2
DA:44,31
DA:46,31
DA:47,31
DA:48,2
DA:51,29
DA:53,29
DA:54,29
DA:56,29
DA:57,29
DA:60,29
DA:61,29
DA:62,115
DA:63,115
DA:67,115
DA:72,115
DA:74,115
DA:83,115
DA:86,29
DA:97,91
DA:98,91
DA:99,91
DA:103,115
DA:104,115
DA:105,115
DA:109,31
DA:110,31
DA:111,31
DA:116,115
DA:117,115
DA:121,29
DA:122,26
DA:123,23
DA:124,22
DA:128,115
DA:129,115
DA:130,115
DA:131,115
LF:39
LH:39
BRDA:44,0,0,0
BRDA:47,1,0,2
BRDA:47,1,1,29
BRDA:54,2,0,8
BRDA:54,2,1,21
BRDA:63,3,0,32
BRDA:63,3,1,83
BRDA:117,4,0,115
BRDA:117,4,1,101
BRDA:121,5,0,3
BRDA:121,5,1,26
BRDA:122,6,0,3
BRDA:122,6,1,23
BRDA:123,7,0,1
BRDA:123,7,1,22
BRF:15
BRH:14
end_of_record
TN:
SF:src/infrastructure/config/env.ts
FN:24,(anonymous_0)
FN:28,(anonymous_1)
FNF:2
FNH:0
FNDA:0,(anonymous_0)
FNDA:0,(anonymous_1)
DA:1,0
DA:2,0
DA:8,0
DA:24,0
DA:25,0
DA:26,0
DA:28,0
DA:30,0
DA:31,0
DA:33,0
LF:10
LH:0
BRDA:26,0,0,0
BRDA:26,0,1,0
BRF:2
BRH:0
end_of_record
TN:
SF:src/infrastructure/errors/error-middleware.ts
FN:3,errorMiddleware
FNF:1
FNH:0
FNDA:0,errorMiddleware
DA:3,0
DA:4,0
DA:5,0
DA:6,0
DA:7,0
DA:9,0
LF:6
LH:0
BRDA:4,0,0,0
BRDA:4,0,1,0
BRDA:5,1,0,0
BRDA:5,1,1,0
BRDA:6,2,0,0
BRDA:6,2,1,0
BRF:6
BRH:0
end_of_record
TN:
SF:src/infrastructure/logger/index.ts
FNF:0
FNH:0
DA:1,2
DA:3,2
LF:2
LH:2
BRDA:4,0,0,2
BRDA:4,0,1,2
BRDA:6,1,0,2
BRDA:6,1,1,0
BRF:4
BRH:3
end_of_record
TN:
SF:src/infrastructure/repositories/new-in-memory-reservation.repository.ts
FN:12,(anonymous_0)
FN:37,(anonymous_1)
FN:41,(anonymous_2)
FN:46,(anonymous_3)
FNF:4
FNH:3
FNDA:11,(anonymous_0)
FNDA:0,(anonymous_1)
FNDA:13,(anonymous_2)
FNDA:12,(anonymous_3)
DA:1,1
DA:8,1
DA:9,1
DA:11,1
DA:14,11
DA:15,11
DA:16,11
DA:19,11
DA:20,11
DA:32,11
DA:33,11
DA:34,11
DA:38,0
DA:42,13
DA:43,13
DA:47,12
DA:48,61
DA:50,10
DA:52,11
LF:19
LH:18
BRDA:14,0,0,11
BRDA:14,0,1,0
BRDA:16,1,0,0
BRDA:16,1,1,11
BRDA:33,2,0,11
BRDA:33,2,1,0
BRDA:38,3,0,0
BRDA:38,3,1,0
BRDA:43,4,0,1
BRDA:43,4,1,12
BRDA:43,5,0,1
BRDA:43,5,1,0
BRDA:48,6,0,51
BRDA:48,6,1,10
BRDA:50,7,0,1
BRDA:50,7,1,9
BRDA:50,8,0,10
BRDA:50,8,1,10
BRF:18
BRH:12
end_of_record
TN:
SF:src/infrastructure/repositories/new-in-memory-room.repository.ts
FN:12,(anonymous_0)
FN:14,(anonymous_1)
FN:17,(anonymous_2)
FN:26,(anonymous_3)
FN:27,(anonymous_4)
FNF:5
FNH:2
FNDA:0,(anonymous_0)
FNDA:0,(anonymous_1)
FNDA:0,(anonymous_2)
FNDA:17,(anonymous_3)
FNDA:41,(anonymous_4)
DA:3,1
DA:11,1
DA:13,0
DA:14,0
DA:16,0
DA:17,0
DA:18,0
DA:21,0
DA:22,0
DA:23,0
DA:27,41
LF:11
LH:3
BRDA:13,0,0,0
BRDA:14,1,0,0
BRDA:14,1,1,0
BRDA:14,1,2,0
BRDA:16,2,0,0
BRDA:16,2,1,0
BRDA:18,3,0,0
BRDA:18,3,1,0
BRDA:22,4,0,0
BRDA:22,4,1,0
BRDA:27,5,0,17
BRDA:27,5,1,1
BRF:12
BRH:2
end_of_record
